<?xml version="1.0" encoding="UTF-8"?>
<!-- Generated by org.testng.reporters.JUnitXMLReporter -->
<testsuite ignored="0" hostname="MSI" failures="1" tests="1" name="Test" time="0.063" errors="0" timestamp="2024-01-18T18:02:19 IST">
  <testcase classname="TestCase.Student_Login" name="LoginTest" time="0.0">
    <failure type="org.testng.TestNGException" message="
Data Provider public java.lang.String[][] Utilities.ReadXLSdata.getData(java.lang.reflect.Method) returned a null value">
      <![CDATA[org.testng.TestNGException: 
at java.base/java.util.ArrayList.forEach(ArrayList.java:1511)
... Removed 25 stack frames]]>
    </failure>
  </testcase> <!-- LoginTest -->
</testsuite> <!-- Test -->
